<?xml version="1.0" encoding="UTF-8"?>
<!-- Generated by org.testng.reporters.JUnitReportReporter -->
<testsuite hostname="DESKTOP-OS9HIGU" name="com.cucumberFramework.testRunner.TestRunner" tests="2" failures="0" timestamp="17 Jul 2020 12:54:04 GMT" time="36.248" errors="0">
  <testcase name="feature" time="18.301" classname="com.cucumberFramework.testRunner.TestRunner"/>
  <testcase name="feature" time="17.947" classname="com.cucumberFramework.testRunner.TestRunner"/>
</testsuite> <!-- com.cucumberFramework.testRunner.TestRunner -->
